[INFO  - 2016-04-24T21:46:10.198Z] GhostDriver - Main - running on port 14599
[INFO  - 2016-04-24T21:46:10.797Z] Session [f57c0860-0a65-11e6-83d1-e3953e02e217] - page.settings - {"XSSAuditingEnabled":false,"javascriptCanCloseWindows":true,"javascriptCanOpenWindows":true,"javascriptEnabled":true,"loadImages":true,"localToRemoteUrlAccessEnabled":false,"userAgent":"Mozilla/5.0 (Macintosh; Intel Mac OS X) AppleWebKit/538.1 (KHTML, like Gecko) PhantomJS/2.0.0 Safari/538.1","webSecurityEnabled":true}
[INFO  - 2016-04-24T21:46:10.798Z] Session [f57c0860-0a65-11e6-83d1-e3953e02e217] - page.customHeaders:  - {}
[INFO  - 2016-04-24T21:46:10.798Z] Session [f57c0860-0a65-11e6-83d1-e3953e02e217] - Session.negotiatedCapabilities - {"browserName":"phantomjs","version":"2.0.0","driverName":"ghostdriver","driverVersion":"1.2.0","platform":"mac-10.9 (Mavericks)-64bit","javascriptEnabled":true,"takesScreenshot":true,"handlesAlerts":false,"databaseEnabled":false,"locationContextEnabled":false,"applicationCacheEnabled":false,"browserConnectionEnabled":false,"cssSelectorsEnabled":true,"webStorageEnabled":false,"rotatable":false,"acceptSslCerts":false,"nativeEvents":true,"proxy":{"proxyType":"direct"}}
[INFO  - 2016-04-24T21:46:10.798Z] SessionManagerReqHand - _postNewSessionCommand - New Session Created: f57c0860-0a65-11e6-83d1-e3953e02e217
[INFO  - 2016-04-24T21:46:11.921Z] ShutdownReqHand - _handle - About to shutdown
[INFO  - 2016-04-24T21:48:28.281Z] GhostDriver - Main - running on port 11912
[INFO  - 2016-04-24T21:48:28.939Z] Session [47d28620-0a66-11e6-bb63-f9c1557770a1] - page.settings - {"XSSAuditingEnabled":false,"javascriptCanCloseWindows":true,"javascriptCanOpenWindows":true,"javascriptEnabled":true,"loadImages":true,"localToRemoteUrlAccessEnabled":false,"userAgent":"Mozilla/5.0 (Macintosh; Intel Mac OS X) AppleWebKit/538.1 (KHTML, like Gecko) PhantomJS/2.0.0 Safari/538.1","webSecurityEnabled":true}
[INFO  - 2016-04-24T21:48:28.939Z] Session [47d28620-0a66-11e6-bb63-f9c1557770a1] - page.customHeaders:  - {}
[INFO  - 2016-04-24T21:48:28.939Z] Session [47d28620-0a66-11e6-bb63-f9c1557770a1] - Session.negotiatedCapabilities - {"browserName":"phantomjs","version":"2.0.0","driverName":"ghostdriver","driverVersion":"1.2.0","platform":"mac-10.9 (Mavericks)-64bit","javascriptEnabled":true,"takesScreenshot":true,"handlesAlerts":false,"databaseEnabled":false,"locationContextEnabled":false,"applicationCacheEnabled":false,"browserConnectionEnabled":false,"cssSelectorsEnabled":true,"webStorageEnabled":false,"rotatable":false,"acceptSslCerts":false,"nativeEvents":true,"proxy":{"proxyType":"direct"}}
[INFO  - 2016-04-24T21:48:28.940Z] SessionManagerReqHand - _postNewSessionCommand - New Session Created: 47d28620-0a66-11e6-bb63-f9c1557770a1
[INFO  - 2016-04-24T21:48:29.959Z] ShutdownReqHand - _handle - About to shutdown
[INFO  - 2016-04-24T21:49:25.392Z] GhostDriver - Main - running on port 35573
[INFO  - 2016-04-24T21:49:26.005Z] Session [69d61ac0-0a66-11e6-90c4-3f3c1b6a12b7] - page.settings - {"XSSAuditingEnabled":false,"javascriptCanCloseWindows":true,"javascriptCanOpenWindows":true,"javascriptEnabled":true,"loadImages":true,"localToRemoteUrlAccessEnabled":false,"userAgent":"Mozilla/5.0 (Macintosh; Intel Mac OS X) AppleWebKit/538.1 (KHTML, like Gecko) PhantomJS/2.0.0 Safari/538.1","webSecurityEnabled":true}
[INFO  - 2016-04-24T21:49:26.005Z] Session [69d61ac0-0a66-11e6-90c4-3f3c1b6a12b7] - page.customHeaders:  - {}
[INFO  - 2016-04-24T21:49:26.006Z] Session [69d61ac0-0a66-11e6-90c4-3f3c1b6a12b7] - Session.negotiatedCapabilities - {"browserName":"phantomjs","version":"2.0.0","driverName":"ghostdriver","driverVersion":"1.2.0","platform":"mac-10.9 (Mavericks)-64bit","javascriptEnabled":true,"takesScreenshot":true,"handlesAlerts":false,"databaseEnabled":false,"locationContextEnabled":false,"applicationCacheEnabled":false,"browserConnectionEnabled":false,"cssSelectorsEnabled":true,"webStorageEnabled":false,"rotatable":false,"acceptSslCerts":false,"nativeEvents":true,"proxy":{"proxyType":"direct"}}
[INFO  - 2016-04-24T21:49:26.006Z] SessionManagerReqHand - _postNewSessionCommand - New Session Created: 69d61ac0-0a66-11e6-90c4-3f3c1b6a12b7
[INFO  - 2016-04-24T21:49:27.170Z] ShutdownReqHand - _handle - About to shutdown
[INFO  - 2016-04-24T21:50:38.184Z] GhostDriver - Main - running on port 44788
[INFO  - 2016-04-24T21:50:38.894Z] Session [95486370-0a66-11e6-b981-a1885ee1ca0e] - page.settings - {"XSSAuditingEnabled":false,"javascriptCanCloseWindows":true,"javascriptCanOpenWindows":true,"javascriptEnabled":true,"loadImages":true,"localToRemoteUrlAccessEnabled":false,"userAgent":"Mozilla/5.0 (Macintosh; Intel Mac OS X) AppleWebKit/538.1 (KHTML, like Gecko) PhantomJS/2.0.0 Safari/538.1","webSecurityEnabled":true}
[INFO  - 2016-04-24T21:50:38.894Z] Session [95486370-0a66-11e6-b981-a1885ee1ca0e] - page.customHeaders:  - {}
[INFO  - 2016-04-24T21:50:38.894Z] Session [95486370-0a66-11e6-b981-a1885ee1ca0e] - Session.negotiatedCapabilities - {"browserName":"phantomjs","version":"2.0.0","driverName":"ghostdriver","driverVersion":"1.2.0","platform":"mac-10.9 (Mavericks)-64bit","javascriptEnabled":true,"takesScreenshot":true,"handlesAlerts":false,"databaseEnabled":false,"locationContextEnabled":false,"applicationCacheEnabled":false,"browserConnectionEnabled":false,"cssSelectorsEnabled":true,"webStorageEnabled":false,"rotatable":false,"acceptSslCerts":false,"nativeEvents":true,"proxy":{"proxyType":"direct"}}
[INFO  - 2016-04-24T21:50:38.894Z] SessionManagerReqHand - _postNewSessionCommand - New Session Created: 95486370-0a66-11e6-b981-a1885ee1ca0e
[INFO  - 2016-04-24T21:50:39.945Z] ShutdownReqHand - _handle - About to shutdown
[INFO  - 2016-04-24T21:51:10.584Z] GhostDriver - Main - running on port 39402
[INFO  - 2016-04-24T21:51:11.385Z] Session [a8a5d100-0a66-11e6-991b-3730cdfb5c44] - page.settings - {"XSSAuditingEnabled":false,"javascriptCanCloseWindows":true,"javascriptCanOpenWindows":true,"javascriptEnabled":true,"loadImages":true,"localToRemoteUrlAccessEnabled":false,"userAgent":"Mozilla/5.0 (Macintosh; Intel Mac OS X) AppleWebKit/538.1 (KHTML, like Gecko) PhantomJS/2.0.0 Safari/538.1","webSecurityEnabled":true}
[INFO  - 2016-04-24T21:51:11.385Z] Session [a8a5d100-0a66-11e6-991b-3730cdfb5c44] - page.customHeaders:  - {}
[INFO  - 2016-04-24T21:51:11.385Z] Session [a8a5d100-0a66-11e6-991b-3730cdfb5c44] - Session.negotiatedCapabilities - {"browserName":"phantomjs","version":"2.0.0","driverName":"ghostdriver","driverVersion":"1.2.0","platform":"mac-10.9 (Mavericks)-64bit","javascriptEnabled":true,"takesScreenshot":true,"handlesAlerts":false,"databaseEnabled":false,"locationContextEnabled":false,"applicationCacheEnabled":false,"browserConnectionEnabled":false,"cssSelectorsEnabled":true,"webStorageEnabled":false,"rotatable":false,"acceptSslCerts":false,"nativeEvents":true,"proxy":{"proxyType":"direct"}}
[INFO  - 2016-04-24T21:51:11.385Z] SessionManagerReqHand - _postNewSessionCommand - New Session Created: a8a5d100-0a66-11e6-991b-3730cdfb5c44
[INFO  - 2016-04-24T21:51:12.330Z] ShutdownReqHand - _handle - About to shutdown
[INFO  - 2016-04-24T22:08:06.209Z] GhostDriver - Main - running on port 25577
[INFO  - 2016-04-24T22:08:06.694Z] Session [05d1acd0-0a69-11e6-a263-c993c010e320] - page.settings - {"XSSAuditingEnabled":false,"javascriptCanCloseWindows":true,"javascriptCanOpenWindows":true,"javascriptEnabled":true,"loadImages":true,"localToRemoteUrlAccessEnabled":false,"userAgent":"Mozilla/5.0 (Macintosh; Intel Mac OS X) AppleWebKit/538.1 (KHTML, like Gecko) PhantomJS/2.0.0 Safari/538.1","webSecurityEnabled":true}
[INFO  - 2016-04-24T22:08:06.694Z] Session [05d1acd0-0a69-11e6-a263-c993c010e320] - page.customHeaders:  - {}
[INFO  - 2016-04-24T22:08:06.694Z] Session [05d1acd0-0a69-11e6-a263-c993c010e320] - Session.negotiatedCapabilities - {"browserName":"phantomjs","version":"2.0.0","driverName":"ghostdriver","driverVersion":"1.2.0","platform":"mac-10.9 (Mavericks)-64bit","javascriptEnabled":true,"takesScreenshot":true,"handlesAlerts":false,"databaseEnabled":false,"locationContextEnabled":false,"applicationCacheEnabled":false,"browserConnectionEnabled":false,"cssSelectorsEnabled":true,"webStorageEnabled":false,"rotatable":false,"acceptSslCerts":false,"nativeEvents":true,"proxy":{"proxyType":"direct"}}
[INFO  - 2016-04-24T22:08:06.695Z] SessionManagerReqHand - _postNewSessionCommand - New Session Created: 05d1acd0-0a69-11e6-a263-c993c010e320
[INFO  - 2016-04-24T22:08:07.864Z] ShutdownReqHand - _handle - About to shutdown
[INFO  - 2016-04-24T22:09:03.545Z] GhostDriver - Main - running on port 42974
[INFO  - 2016-04-24T22:09:03.961Z] Session [27f41410-0a69-11e6-8a8d-71d9d32919d7] - page.settings - {"XSSAuditingEnabled":false,"javascriptCanCloseWindows":true,"javascriptCanOpenWindows":true,"javascriptEnabled":true,"loadImages":true,"localToRemoteUrlAccessEnabled":false,"userAgent":"Mozilla/5.0 (Macintosh; Intel Mac OS X) AppleWebKit/538.1 (KHTML, like Gecko) PhantomJS/2.0.0 Safari/538.1","webSecurityEnabled":true}
[INFO  - 2016-04-24T22:09:03.962Z] Session [27f41410-0a69-11e6-8a8d-71d9d32919d7] - page.customHeaders:  - {}
[INFO  - 2016-04-24T22:09:03.962Z] Session [27f41410-0a69-11e6-8a8d-71d9d32919d7] - Session.negotiatedCapabilities - {"browserName":"phantomjs","version":"2.0.0","driverName":"ghostdriver","driverVersion":"1.2.0","platform":"mac-10.9 (Mavericks)-64bit","javascriptEnabled":true,"takesScreenshot":true,"handlesAlerts":false,"databaseEnabled":false,"locationContextEnabled":false,"applicationCacheEnabled":false,"browserConnectionEnabled":false,"cssSelectorsEnabled":true,"webStorageEnabled":false,"rotatable":false,"acceptSslCerts":false,"nativeEvents":true,"proxy":{"proxyType":"direct"}}
[INFO  - 2016-04-24T22:09:03.962Z] SessionManagerReqHand - _postNewSessionCommand - New Session Created: 27f41410-0a69-11e6-8a8d-71d9d32919d7
[INFO  - 2016-04-24T22:09:04.950Z] ShutdownReqHand - _handle - About to shutdown
[INFO  - 2016-04-24T22:09:11.058Z] GhostDriver - Main - running on port 39155
[INFO  - 2016-04-24T22:09:11.337Z] Session [2c5942f0-0a69-11e6-9023-4bae294fe99f] - page.settings - {"XSSAuditingEnabled":false,"javascriptCanCloseWindows":true,"javascriptCanOpenWindows":true,"javascriptEnabled":true,"loadImages":true,"localToRemoteUrlAccessEnabled":false,"userAgent":"Mozilla/5.0 (Macintosh; Intel Mac OS X) AppleWebKit/538.1 (KHTML, like Gecko) PhantomJS/2.0.0 Safari/538.1","webSecurityEnabled":true}
[INFO  - 2016-04-24T22:09:11.337Z] Session [2c5942f0-0a69-11e6-9023-4bae294fe99f] - page.customHeaders:  - {}
[INFO  - 2016-04-24T22:09:11.338Z] Session [2c5942f0-0a69-11e6-9023-4bae294fe99f] - Session.negotiatedCapabilities - {"browserName":"phantomjs","version":"2.0.0","driverName":"ghostdriver","driverVersion":"1.2.0","platform":"mac-10.9 (Mavericks)-64bit","javascriptEnabled":true,"takesScreenshot":true,"handlesAlerts":false,"databaseEnabled":false,"locationContextEnabled":false,"applicationCacheEnabled":false,"browserConnectionEnabled":false,"cssSelectorsEnabled":true,"webStorageEnabled":false,"rotatable":false,"acceptSslCerts":false,"nativeEvents":true,"proxy":{"proxyType":"direct"}}
[INFO  - 2016-04-24T22:09:11.339Z] SessionManagerReqHand - _postNewSessionCommand - New Session Created: 2c5942f0-0a69-11e6-9023-4bae294fe99f
[INFO  - 2016-04-24T22:09:12.299Z] ShutdownReqHand - _handle - About to shutdown
[INFO  - 2016-04-24T22:09:33.738Z] GhostDriver - Main - running on port 39488
[INFO  - 2016-04-24T22:09:34.480Z] Session [3a24c170-0a69-11e6-ace2-fb6f5ff42b47] - page.settings - {"XSSAuditingEnabled":false,"javascriptCanCloseWindows":true,"javascriptCanOpenWindows":true,"javascriptEnabled":true,"loadImages":true,"localToRemoteUrlAccessEnabled":false,"userAgent":"Mozilla/5.0 (Macintosh; Intel Mac OS X) AppleWebKit/538.1 (KHTML, like Gecko) PhantomJS/2.0.0 Safari/538.1","webSecurityEnabled":true}
[INFO  - 2016-04-24T22:09:34.480Z] Session [3a24c170-0a69-11e6-ace2-fb6f5ff42b47] - page.customHeaders:  - {}
[INFO  - 2016-04-24T22:09:34.480Z] Session [3a24c170-0a69-11e6-ace2-fb6f5ff42b47] - Session.negotiatedCapabilities - {"browserName":"phantomjs","version":"2.0.0","driverName":"ghostdriver","driverVersion":"1.2.0","platform":"mac-10.9 (Mavericks)-64bit","javascriptEnabled":true,"takesScreenshot":true,"handlesAlerts":false,"databaseEnabled":false,"locationContextEnabled":false,"applicationCacheEnabled":false,"browserConnectionEnabled":false,"cssSelectorsEnabled":true,"webStorageEnabled":false,"rotatable":false,"acceptSslCerts":false,"nativeEvents":true,"proxy":{"proxyType":"direct"}}
[INFO  - 2016-04-24T22:09:34.481Z] SessionManagerReqHand - _postNewSessionCommand - New Session Created: 3a24c170-0a69-11e6-ace2-fb6f5ff42b47
[INFO  - 2016-04-24T22:09:35.423Z] ShutdownReqHand - _handle - About to shutdown
[INFO  - 2016-04-24T22:12:11.922Z] GhostDriver - Main - running on port 28696
[INFO  - 2016-04-24T22:12:12.539Z] Session [985af340-0a69-11e6-96d3-b3cfad82c51e] - page.settings - {"XSSAuditingEnabled":false,"javascriptCanCloseWindows":true,"javascriptCanOpenWindows":true,"javascriptEnabled":true,"loadImages":true,"localToRemoteUrlAccessEnabled":false,"userAgent":"Mozilla/5.0 (Macintosh; Intel Mac OS X) AppleWebKit/538.1 (KHTML, like Gecko) PhantomJS/2.0.0 Safari/538.1","webSecurityEnabled":true}
[INFO  - 2016-04-24T22:12:12.539Z] Session [985af340-0a69-11e6-96d3-b3cfad82c51e] - page.customHeaders:  - {}
[INFO  - 2016-04-24T22:12:12.539Z] Session [985af340-0a69-11e6-96d3-b3cfad82c51e] - Session.negotiatedCapabilities - {"browserName":"phantomjs","version":"2.0.0","driverName":"ghostdriver","driverVersion":"1.2.0","platform":"mac-10.9 (Mavericks)-64bit","javascriptEnabled":true,"takesScreenshot":true,"handlesAlerts":false,"databaseEnabled":false,"locationContextEnabled":false,"applicationCacheEnabled":false,"browserConnectionEnabled":false,"cssSelectorsEnabled":true,"webStorageEnabled":false,"rotatable":false,"acceptSslCerts":false,"nativeEvents":true,"proxy":{"proxyType":"direct"}}
[INFO  - 2016-04-24T22:12:12.539Z] SessionManagerReqHand - _postNewSessionCommand - New Session Created: 985af340-0a69-11e6-96d3-b3cfad82c51e
[INFO  - 2016-04-24T22:12:13.674Z] ShutdownReqHand - _handle - About to shutdown
[INFO  - 2016-04-24T22:12:56.306Z] GhostDriver - Main - running on port 42693
[INFO  - 2016-04-24T22:12:56.660Z] Session [b2a6f9b0-0a69-11e6-867f-6752772cc37d] - page.settings - {"XSSAuditingEnabled":false,"javascriptCanCloseWindows":true,"javascriptCanOpenWindows":true,"javascriptEnabled":true,"loadImages":true,"localToRemoteUrlAccessEnabled":false,"userAgent":"Mozilla/5.0 (Macintosh; Intel Mac OS X) AppleWebKit/538.1 (KHTML, like Gecko) PhantomJS/2.0.0 Safari/538.1","webSecurityEnabled":true}
[INFO  - 2016-04-24T22:12:56.660Z] Session [b2a6f9b0-0a69-11e6-867f-6752772cc37d] - page.customHeaders:  - {}
[INFO  - 2016-04-24T22:12:56.660Z] Session [b2a6f9b0-0a69-11e6-867f-6752772cc37d] - Session.negotiatedCapabilities - {"browserName":"phantomjs","version":"2.0.0","driverName":"ghostdriver","driverVersion":"1.2.0","platform":"mac-10.9 (Mavericks)-64bit","javascriptEnabled":true,"takesScreenshot":true,"handlesAlerts":false,"databaseEnabled":false,"locationContextEnabled":false,"applicationCacheEnabled":false,"browserConnectionEnabled":false,"cssSelectorsEnabled":true,"webStorageEnabled":false,"rotatable":false,"acceptSslCerts":false,"nativeEvents":true,"proxy":{"proxyType":"direct"}}
[INFO  - 2016-04-24T22:12:56.660Z] SessionManagerReqHand - _postNewSessionCommand - New Session Created: b2a6f9b0-0a69-11e6-867f-6752772cc37d
[INFO  - 2016-04-24T22:12:57.873Z] ShutdownReqHand - _handle - About to shutdown
[INFO  - 2016-04-24T22:12:58.946Z] GhostDriver - Main - running on port 23982
[INFO  - 2016-04-24T22:12:58.971Z] Session [b4079b20-0a69-11e6-a94b-fde561f9c2c2] - page.settings - {"XSSAuditingEnabled":false,"javascriptCanCloseWindows":true,"javascriptCanOpenWindows":true,"javascriptEnabled":true,"loadImages":true,"localToRemoteUrlAccessEnabled":false,"userAgent":"Mozilla/5.0 (Macintosh; Intel Mac OS X) AppleWebKit/538.1 (KHTML, like Gecko) PhantomJS/2.0.0 Safari/538.1","webSecurityEnabled":true}
[INFO  - 2016-04-24T22:12:58.971Z] Session [b4079b20-0a69-11e6-a94b-fde561f9c2c2] - page.customHeaders:  - {}
[INFO  - 2016-04-24T22:12:58.972Z] Session [b4079b20-0a69-11e6-a94b-fde561f9c2c2] - Session.negotiatedCapabilities - {"browserName":"phantomjs","version":"2.0.0","driverName":"ghostdriver","driverVersion":"1.2.0","platform":"mac-10.9 (Mavericks)-64bit","javascriptEnabled":true,"takesScreenshot":true,"handlesAlerts":false,"databaseEnabled":false,"locationContextEnabled":false,"applicationCacheEnabled":false,"browserConnectionEnabled":false,"cssSelectorsEnabled":true,"webStorageEnabled":false,"rotatable":false,"acceptSslCerts":false,"nativeEvents":true,"proxy":{"proxyType":"direct"}}
[INFO  - 2016-04-24T22:12:58.972Z] SessionManagerReqHand - _postNewSessionCommand - New Session Created: b4079b20-0a69-11e6-a94b-fde561f9c2c2
[INFO  - 2016-04-24T22:12:59.902Z] ShutdownReqHand - _handle - About to shutdown
